

Processing TwilioController#index (for 127.0.0.1 at 2009-06-27 10:26:14) [GET]
Rendering template within layouts/application
Rendering twilio/index
Completed in 11ms (View: 9, DB: 0) | 200 OK [http://localhost/]


Processing ApplicationController#index (for 127.0.0.1 at 2009-06-27 10:38:46) [GET]

ActionController::RoutingError (No route matches "/twilio/index.xml" with {:method=>:get}):
  

Rendering rescues/layout (not_found)


Processing TwilioController#index (for 127.0.0.1 at 2009-06-27 10:38:57) [GET]
Rendering template within layouts/application
Rendering twilio/index
Completed in 6ms (View: 4, DB: 0) | 200 OK [http://localhost/twilio/index]


Processing ApplicationController#index (for 127.0.0.1 at 2009-06-27 10:39:24) [GET]

ActionController::RoutingError (No route matches "/twilio/index.xml" with {:method=>:get}):
  

Rendering rescues/layout (not_found)


Processing ApplicationController#index (for 127.0.0.1 at 2009-06-27 10:40:17) [GET]

ActionController::RoutingError (No route matches "/twilio/index.xml" with {:method=>:get}):
  

Rendering rescues/layout (not_found)


Processing ApplicationController#index (for 127.0.0.1 at 2009-06-27 10:40:40) [GET]

ActionController::RoutingError (No route matches "/twilio/index.xml" with {:method=>:get}):
  

Rendering rescues/layout (not_found)


Processing TwilioController#index (for 127.0.0.1 at 2009-06-27 10:44:32) [GET]
Rendering template within layouts/application
Rendering twilio/index
Completed in 15ms (View: 12, DB: 0) | 200 OK [http://localhost/]


Processing TwilioController#index (for 127.0.0.1 at 2009-06-27 10:44:47) [GET]
Rendering template within layouts/application
Rendering twilio/index
Completed in 4ms (View: 2, DB: 0) | 200 OK [http://localhost/twilio]


Processing ApplicationController#index (for 127.0.0.1 at 2009-06-27 10:44:56) [GET]

ActionController::RoutingError (No route matches "/twilio/index.xml" with {:method=>:get}):
  

Rendering rescues/layout (not_found)


Processing ApplicationController#index (for 127.0.0.1 at 2009-06-27 10:45:28) [GET]

ActionController::RoutingError (No route matches "/twilio/index.xml" with {:method=>:get}):
  

Rendering rescues/layout (not_found)


Processing TwilioController#index (for 127.0.0.1 at 2009-06-27 10:45:31) [GET]
Rendering twilio/index
Completed in 18ms (View: 16, DB: 0) | 200 OK [http://localhost/twilio]


Processing TwilioController#index (for 127.0.0.1 at 2009-06-27 10:45:51) [GET]
Rendering twilio/index
Completed in 5ms (View: 3, DB: 0) | 200 OK [http://localhost/twilio/index]


Processing ApplicationController#index (for 127.0.0.1 at 2009-06-27 10:45:56) [GET]

ActionController::RoutingError (No route matches "/twilio/index.xml" with {:method=>:get}):
  

Rendering rescues/layout (not_found)


Processing ApplicationController#index (for 127.0.0.1 at 2009-06-27 10:48:44) [GET]

ActionController::RoutingError (No route matches "/twilio/index.xml.builder" with {:method=>:get}):
  

Rendering rescues/layout (not_found)


Processing ApplicationController#index (for 127.0.0.1 at 2009-06-27 10:48:51) [GET]

ActionController::RoutingError (No route matches "/twilio/index.builder" with {:method=>:get}):
  

Rendering rescues/layout (not_found)


Processing TwilioController#index (for 127.0.0.1 at 2009-06-27 10:52:46) [GET]
Rendering twilio/index
Completed in 3ms (View: 1, DB: 0) | 200 OK [http://localhost/twilio/index]


Processing ApplicationController#index (for 127.0.0.1 at 2009-06-27 10:52:56) [GET]

ActionController::RoutingError (No route matches "/twilio/index.xml.builder" with {:method=>:get}):
  

Rendering rescues/layout (not_found)


Processing TwilioController#index (for 127.0.0.1 at 2009-06-27 10:52:59) [GET]
Rendering twilio/index
Completed in 4ms (View: 2, DB: 0) | 200 OK [http://localhost/twilio/index]


Processing TwilioController#index (for 127.0.0.1 at 2009-06-27 10:53:41) [GET]

ActionView::MissingTemplate (Missing template twilio/index.erb in view path app/views):
  

Rendering rescues/layout (internal_server_error)


Processing TwilioController#index (for 127.0.0.1 at 2009-06-27 10:53:48) [GET]
Rendering twilio/index
Completed in 4ms (View: 2, DB: 0) | 200 OK [http://localhost/twilio/index]


Processing TwilioController#index (for 127.0.0.1 at 2009-06-27 10:56:45) [GET]

ActionView::MissingTemplate (Missing template twilio/index.erb in view path app/views):
  

Rendering rescues/layout (internal_server_error)


Processing TwilioController#index (for 127.0.0.1 at 2009-06-27 10:57:02) [GET]
Rendering template within layouts/application
Rendering twilio/index
Completed in 90ms (View: 88, DB: 0) | 200 OK [http://localhost/twilio]


Processing ApplicationController#index (for 127.0.0.1 at 2009-06-27 10:57:03) [GET]

ActionController::RoutingError (No route matches "/hello" with {:method=>:get}):
  

Rendering rescues/layout (not_found)


Processing HelloController#index (for 127.0.0.1 at 2009-06-27 10:57:28) [GET]
Rendering hello/index
Completed in 9ms (View: 7, DB: 0) | 200 OK [http://localhost/hello]


Processing HelloController#index (for 127.0.0.1 at 2009-06-27 11:03:00) [GET]
Rendering hello/index
Completed in 534ms (View: 5, DB: 0) | 200 OK [http://localhost/hello]


Processing HelloController#index (for 127.0.0.1 at 2009-06-27 11:11:40) [GET]

NameError (uninitialized constant ApplicationController::TWILIO):
  app/controllers/application_controller.rb:10:in `twilio_connect'

Rendered rescues/_trace (42.4ms)
Rendered rescues/_request_and_response (1.8ms)
Rendering rescues/layout (internal_server_error)


Processing HelloController#index (for 127.0.0.1 at 2009-06-27 11:12:10) [GET]

NoMethodError (undefined method `url' for #<Hash:0x234b578>):
  app/controllers/application_controller.rb:10:in `twilio_connect'

Rendered rescues/_trace (41.8ms)
Rendered rescues/_request_and_response (1.8ms)
Rendering rescues/layout (internal_server_error)


Processing HelloController#index (for 127.0.0.1 at 2009-06-27 11:13:51) [GET]

NoMethodError (undefined method `request_uri' for #<URI::Generic:0x252e4f8 URL:/>):
  app/controllers/application_controller.rb:13:in `twilio_connect'

Rendered rescues/_trace (41.9ms)
Rendered rescues/_request_and_response (1.8ms)
Rendering rescues/layout (internal_server_error)


Processing HelloController#index (for 127.0.0.1 at 2009-06-27 11:14:36) [GET]

NoMethodError (undefined method `inpsect' for #<Hash:0x234b578>):
  app/controllers/application_controller.rb:9:in `twilio_connect'

Rendered rescues/_trace (40.4ms)
Rendered rescues/_request_and_response (0.3ms)
Rendering rescues/layout (internal_server_error)


Processing HelloController#index (for 127.0.0.1 at 2009-06-27 11:14:44) [GET]

NoMethodError (undefined method `request_uri' for #<URI::Generic:0x2282150 URL:/>):
  app/controllers/application_controller.rb:13:in `twilio_connect'

Rendered rescues/_trace (44.3ms)
Rendered rescues/_request_and_response (0.3ms)
Rendering rescues/layout (internal_server_error)


Processing HelloController#index (for 127.0.0.1 at 2009-06-27 11:22:05) [GET]

NoMethodError (undefined method `request_uri' for #<URI::Generic:0x2546b48 URL:/>):
  app/controllers/application_controller.rb:13:in `twilio_connect'

Rendered rescues/_trace (40.8ms)
Rendered rescues/_request_and_response (0.3ms)
Rendering rescues/layout (internal_server_error)


Processing HelloController#index (for 127.0.0.1 at 2009-06-27 11:22:16) [GET]

NoMethodError (undefined method `request_uri' for #<URI::Generic:0x2410f08 URL:/>):
  app/controllers/application_controller.rb:13:in `twilio_connect'

Rendered rescues/_trace (40.6ms)
Rendered rescues/_request_and_response (0.3ms)
Rendering rescues/layout (internal_server_error)


Processing HelloController#index (for 127.0.0.1 at 2009-06-27 11:23:01) [GET]
<?xml version="1.0"?>
<TwilioResponse><Account><Sid>AC6b0c8045d3f27f8b9e203b6f5a91f6d7</Sid><FriendlyName>paul@vudmaska.com's Account</FriendlyName><Status>2</Status><StatusText>Active</StatusText><DateCreated>Thu, 25 Jun 2009 08:31:26 -0700</DateCreated><DateUpdated>Fri, 26 Jun 2009 18:15:03 -0700</DateUpdated><AuthToken>e98bc9c59e4afd9106e69a22d356cd22</AuthToken></Account></TwilioResponse>
Rendering hello/index
Completed in 491ms (View: 9, DB: 0) | 200 OK [http://localhost/hello]


Processing HelloController#index (for 127.0.0.1 at 2009-06-27 11:40:33) [GET]
<?xml version="1.0"?>
<TwilioResponse><Account><Sid>AC6b0c8045d3f27f8b9e203b6f5a91f6d7</Sid><FriendlyName>paul@vudmaska.com's Account</FriendlyName><Status>2</Status><StatusText>Active</StatusText><DateCreated>Thu, 25 Jun 2009 08:31:26 -0700</DateCreated><DateUpdated>Fri, 26 Jun 2009 18:15:03 -0700</DateUpdated><AuthToken>e98bc9c59e4afd9106e69a22d356cd22</AuthToken></Account></TwilioResponse>
Rendering hello/index
Completed in 375ms (View: 9, DB: 0) | 200 OK [http://localhost/hello]


Processing TwilioController#board (for 127.0.0.1 at 2009-06-27 12:16:20) [GET]
Rendering twilio/board
ERROR: compiling _run_builder_app47views47twilio47board46xml46builder RAISED compile error
/Users/paul/Sites/twilio/app/views/twilio/board.xml.builder:5: syntax error, unexpected kWHEN, expecting kEND
      when '1'
          ^
/Users/paul/Sites/twilio/app/views/twilio/board.xml.builder:8: syntax error, unexpected kWHEN, expecting kEND
      when '2'
          ^
/Users/paul/Sites/twilio/app/views/twilio/board.xml.builder:11: syntax error, unexpected kWHEN, expecting kEND
      when '3'
          ^
/Users/paul/Sites/twilio/app/views/twilio/board.xml.builder:18: syntax error, unexpected kELSE, expecting kEND
/Users/paul/Sites/twilio/app/views/twilio/board.xml.builder:19: syntax error, unexpected tASSOC, expecting '}'
    xml.Gather{:numDigits => 1} do
                            ^
/Users/paul/Sites/twilio/app/views/twilio/board.xml.builder:25: syntax error, unexpected kEND, expecting $end
end;xml.target!;
   ^
Function body:           def _run_builder_app47views47twilio47board46xml46builder(local_assigns)
            old_output_buffer = output_buffer;;_set_controller_content_type(Mime::XML);xml = ::Builder::XmlMarkup.new(:indent => 2);self.output_buffer = xml.target!;xml.instruct!  
xml.Response do
  if @digit    
    switch @digit
      when '1'
        xml.Say "Loading Hello world"
        xml.Redirect('/hello')
      when '2'
        xml.Say "Weather"
        xml.Redirect('/weather')
      when '3'
        xml.Say "Loading Appointment"
        xml.Redirect('/appointment')
      else
        xml.Say "App not found. Good bye."
        xml.Hangup
    end
  else
    xml.Gather{:numDigits => 1} do
      xml.Say "Press 1 for Hello world"
      xml.Say "Press 2 for Weather"
      xml.Say "Press 3 for Appointment Reminder"
    end
  end
end;xml.target!;
          ensure
            self.output_buffer = old_output_buffer
          end
Backtrace: /Users/paul/Sites/twilio/app/views/twilio/board.xml.builder:25:in `compile!'
/Library/Ruby/Gems/1.8/gems/actionpack-2.3.2/lib/action_view/renderable.rb:61:in `compile'
/Library/Ruby/Gems/1.8/gems/actionpack-2.3.2/lib/action_view/renderable.rb:28:in `render'
/Library/Ruby/Gems/1.8/gems/actionpack-2.3.2/lib/action_view/template.rb:194:in `render_template'
/Library/Ruby/Gems/1.8/gems/actionpack-2.3.2/lib/action_view/base.rb:260:in `render'
/Library/Ruby/Gems/1.8/gems/actionpack-2.3.2/lib/action_controller/base.rb:1241:in `render_for_file'
/Library/Ruby/Gems/1.8/gems/actionpack-2.3.2/lib/action_controller/base.rb:937:in `render_without_benchmark'
/Library/Ruby/Gems/1.8/gems/actionpack-2.3.2/lib/action_controller/benchmarking.rb:51:in `render'
/Library/Ruby/Gems/1.8/gems/activesupport-2.3.2/lib/active_support/core_ext/benchmark.rb:17:in `ms'
/Library/Ruby/Gems/1.8/gems/activesupport-2.3.2/lib/active_support/core_ext/benchmark.rb:10:in `realtime'
/Library/Ruby/Gems/1.8/gems/activesupport-2.3.2/lib/active_support/core_ext/benchmark.rb:17:in `ms'
/Library/Ruby/Gems/1.8/gems/actionpack-2.3.2/lib/action_controller/benchmarking.rb:51:in `render'
/Library/Ruby/Gems/1.8/gems/actionpack-2.3.2/lib/action_controller/base.rb:1317:in `default_render'
/Library/Ruby/Gems/1.8/gems/actionpack-2.3.2/lib/action_controller/base.rb:1323:in `perform_action_without_filters'
/Library/Ruby/Gems/1.8/gems/actionpack-2.3.2/lib/action_controller/filters.rb:617:in `call_filters'
/Library/Ruby/Gems/1.8/gems/actionpack-2.3.2/lib/action_controller/filters.rb:610:in `perform_action_without_benchmark'
/Library/Ruby/Gems/1.8/gems/actionpack-2.3.2/lib/action_controller/benchmarking.rb:68:in `perform_action_without_rescue'
/Library/Ruby/Gems/1.8/gems/activesupport-2.3.2/lib/active_support/core_ext/benchmark.rb:17:in `ms'
/Library/Ruby/Gems/1.8/gems/activesupport-2.3.2/lib/active_support/core_ext/benchmark.rb:10:in `realtime'
/Library/Ruby/Gems/1.8/gems/activesupport-2.3.2/lib/active_support/core_ext/benchmark.rb:17:in `ms'
/Library/Ruby/Gems/1.8/gems/actionpack-2.3.2/lib/action_controller/benchmarking.rb:68:in `perform_action_without_rescue'
/Library/Ruby/Gems/1.8/gems/actionpack-2.3.2/lib/action_controller/rescue.rb:160:in `perform_action_without_flash'
/Library/Ruby/Gems/1.8/gems/actionpack-2.3.2/lib/action_controller/flash.rb:141:in `perform_action'
/Library/Ruby/Gems/1.8/gems/actionpack-2.3.2/lib/action_controller/base.rb:523:in `send'
/Library/Ruby/Gems/1.8/gems/actionpack-2.3.2/lib/action_controller/base.rb:523:in `process_without_filters'
/Library/Ruby/Gems/1.8/gems/actionpack-2.3.2/lib/action_controller/filters.rb:606:in `process'
/Library/Ruby/Gems/1.8/gems/actionpack-2.3.2/lib/action_controller/base.rb:391:in `process'
/Library/Ruby/Gems/1.8/gems/actionpack-2.3.2/lib/action_controller/base.rb:386:in `call'
/Library/Ruby/Gems/1.8/gems/actionpack-2.3.2/lib/action_controller/routing/route_set.rb:433:in `call'
/Library/Ruby/Gems/1.8/gems/actionpack-2.3.2/lib/action_controller/dispatcher.rb:88:in `dispatch'
/Library/Ruby/Gems/1.8/gems/actionpack-2.3.2/lib/action_controller/dispatcher.rb:111:in `_call'
/Library/Ruby/Gems/1.8/gems/actionpack-2.3.2/lib/action_controller/dispatcher.rb:82:in `initialize'
/Library/Ruby/Gems/1.8/gems/activerecord-2.3.2/lib/active_record/query_cache.rb:29:in `call'
/Library/Ruby/Gems/1.8/gems/activerecord-2.3.2/lib/active_record/query_cache.rb:29:in `call'
/Library/Ruby/Gems/1.8/gems/activerecord-2.3.2/lib/active_record/connection_adapters/abstract/query_cache.rb:34:in `cache'
/Library/Ruby/Gems/1.8/gems/activerecord-2.3.2/lib/active_record/query_cache.rb:9:in `cache'
/Library/Ruby/Gems/1.8/gems/activerecord-2.3.2/lib/active_record/query_cache.rb:28:in `call'
/Library/Ruby/Gems/1.8/gems/activerecord-2.3.2/lib/active_record/connection_adapters/abstract/connection_pool.rb:361:in `call'
/Library/Ruby/Gems/1.8/gems/rack-1.0.0/lib/rack/head.rb:9:in `call'
/Library/Ruby/Gems/1.8/gems/rack-1.0.0/lib/rack/methodoverride.rb:24:in `call'
/Library/Ruby/Gems/1.8/gems/actionpack-2.3.2/lib/action_controller/params_parser.rb:15:in `call'
/Library/Ruby/Gems/1.8/gems/actionpack-2.3.2/lib/action_controller/rewindable_input.rb:25:in `call'
/Library/Ruby/Gems/1.8/gems/actionpack-2.3.2/lib/action_controller/session/cookie_store.rb:93:in `call'
/Library/Ruby/Gems/1.8/gems/actionpack-2.3.2/lib/action_controller/reloader.rb:9:in `call'
/Library/Ruby/Gems/1.8/gems/actionpack-2.3.2/lib/action_controller/failsafe.rb:11:in `call'
/Library/Ruby/Gems/1.8/gems/rack-1.0.0/lib/rack/lock.rb:11:in `call'
/Library/Ruby/Gems/1.8/gems/rack-1.0.0/lib/rack/lock.rb:11:in `synchronize'
/Library/Ruby/Gems/1.8/gems/rack-1.0.0/lib/rack/lock.rb:11:in `call'
/Library/Ruby/Gems/1.8/gems/actionpack-2.3.2/lib/action_controller/dispatcher.rb:106:in `call'
/Library/Ruby/Gems/1.8/gems/rails-2.3.2/lib/rails/rack/static.rb:31:in `call'
/Library/Ruby/Gems/1.8/gems/rack-1.0.0/lib/rack/urlmap.rb:46:in `call'
/Library/Ruby/Gems/1.8/gems/rack-1.0.0/lib/rack/urlmap.rb:40:in `each'
/Library/Ruby/Gems/1.8/gems/rack-1.0.0/lib/rack/urlmap.rb:40:in `call'
/Library/Ruby/Gems/1.8/gems/rails-2.3.2/lib/rails/rack/log_tailer.rb:17:in `call'
/Library/Ruby/Gems/1.8/gems/rack-1.0.0/lib/rack/content_length.rb:13:in `call'
/Library/Ruby/Gems/1.8/gems/rack-1.0.0/lib/rack/chunked.rb:15:in `call'
/Library/Ruby/Gems/1.8/gems/rack-1.0.0/lib/rack/handler/mongrel.rb:61:in `process'
/System/Library/Frameworks/Ruby.framework/Versions/1.8/usr/lib/ruby/gems/1.8/gems/mongrel-1.1.4/lib/mongrel.rb:159:in `process_client'
/System/Library/Frameworks/Ruby.framework/Versions/1.8/usr/lib/ruby/gems/1.8/gems/mongrel-1.1.4/lib/mongrel.rb:158:in `each'
/System/Library/Frameworks/Ruby.framework/Versions/1.8/usr/lib/ruby/gems/1.8/gems/mongrel-1.1.4/lib/mongrel.rb:158:in `process_client'
/System/Library/Frameworks/Ruby.framework/Versions/1.8/usr/lib/ruby/gems/1.8/gems/mongrel-1.1.4/lib/mongrel.rb:285:in `run'
/System/Library/Frameworks/Ruby.framework/Versions/1.8/usr/lib/ruby/gems/1.8/gems/mongrel-1.1.4/lib/mongrel.rb:285:in `initialize'
/System/Library/Frameworks/Ruby.framework/Versions/1.8/usr/lib/ruby/gems/1.8/gems/mongrel-1.1.4/lib/mongrel.rb:285:in `new'
/System/Library/Frameworks/Ruby.framework/Versions/1.8/usr/lib/ruby/gems/1.8/gems/mongrel-1.1.4/lib/mongrel.rb:285:in `run'
/System/Library/Frameworks/Ruby.framework/Versions/1.8/usr/lib/ruby/gems/1.8/gems/mongrel-1.1.4/lib/mongrel.rb:268:in `initialize'
/System/Library/Frameworks/Ruby.framework/Versions/1.8/usr/lib/ruby/gems/1.8/gems/mongrel-1.1.4/lib/mongrel.rb:268:in `new'
/System/Library/Frameworks/Ruby.framework/Versions/1.8/usr/lib/ruby/gems/1.8/gems/mongrel-1.1.4/lib/mongrel.rb:268:in `run'
/Library/Ruby/Gems/1.8/gems/rack-1.0.0/lib/rack/handler/mongrel.rb:34:in `run'
/Library/Ruby/Gems/1.8/gems/rails-2.3.2/lib/commands/server.rb:111
/Library/Ruby/Site/1.8/rubygems/custom_require.rb:31:in `gem_original_require'
/Library/Ruby/Site/1.8/rubygems/custom_require.rb:31:in `require'
script/server:3

ActionView::TemplateError (compile error
/Users/paul/Sites/twilio/app/views/twilio/board.xml.builder:5: syntax error, unexpected kWHEN, expecting kEND
      when '1'
          ^
/Users/paul/Sites/twilio/app/views/twilio/board.xml.builder:8: syntax error, unexpected kWHEN, expecting kEND
      when '2'
          ^
/Users/paul/Sites/twilio/app/views/twilio/board.xml.builder:11: syntax error, unexpected kWHEN, expecting kEND
      when '3'
          ^
/Users/paul/Sites/twilio/app/views/twilio/board.xml.builder:18: syntax error, unexpected kELSE, expecting kEND
/Users/paul/Sites/twilio/app/views/twilio/board.xml.builder:19: syntax error, unexpected tASSOC, expecting '}'
    xml.Gather{:numDigits => 1} do
                            ^
/Users/paul/Sites/twilio/app/views/twilio/board.xml.builder:25: syntax error, unexpected kEND, expecting $end
end;xml.target!;
   ^) on line #5 of app/views/twilio/board.xml.builder:
2: xml.Response do
3:   if @digit    
4:     switch @digit
5:       when '1'
6:         xml.Say "Loading Hello world"
7:         xml.Redirect('/hello')
8:       when '2'

    app/views/twilio/board.xml.builder:25:in `compile!'

Rendered rescues/_trace (46.3ms)
Rendered rescues/_request_and_response (2.3ms)
Rendering rescues/layout (internal_server_error)


Processing TwilioController#board (for 127.0.0.1 at 2009-06-27 12:16:32) [GET]
Rendering twilio/board
ERROR: compiling _run_builder_app47views47twilio47board46xml46builder RAISED compile error
/Users/paul/Sites/twilio/app/views/twilio/board.xml.builder:5: syntax error, unexpected kWHEN, expecting kEND
      when '1':
          ^
/Users/paul/Sites/twilio/app/views/twilio/board.xml.builder:5: syntax error, unexpected ':', expecting kEND
/Users/paul/Sites/twilio/app/views/twilio/board.xml.builder:8: syntax error, unexpected kWHEN, expecting kEND
      when '2'
          ^
/Users/paul/Sites/twilio/app/views/twilio/board.xml.builder:11: syntax error, unexpected kWHEN, expecting kEND
      when '3'
          ^
/Users/paul/Sites/twilio/app/views/twilio/board.xml.builder:18: syntax error, unexpected kELSE, expecting kEND
/Users/paul/Sites/twilio/app/views/twilio/board.xml.builder:19: syntax error, unexpected tASSOC, expecting '}'
    xml.Gather{:numDigits => 1} do
                            ^
/Users/paul/Sites/twilio/app/views/twilio/board.xml.builder:25: syntax error, unexpected kEND, expecting $end
end;xml.target!;
   ^
Function body:           def _run_builder_app47views47twilio47board46xml46builder(local_assigns)
            old_output_buffer = output_buffer;;_set_controller_content_type(Mime::XML);xml = ::Builder::XmlMarkup.new(:indent => 2);self.output_buffer = xml.target!;xml.instruct!  
xml.Response do
  if @digit    
    switch @digit
      when '1':
        xml.Say "Loading Hello world"
        xml.Redirect('/hello')
      when '2'
        xml.Say "Weather"
        xml.Redirect('/weather')
      when '3'
        xml.Say "Loading Appointment"
        xml.Redirect('/appointment')
      else
        xml.Say "App not found. Good bye."
        xml.Hangup
    end
  else
    xml.Gather{:numDigits => 1} do
      xml.Say "Press 1 for Hello world"
      xml.Say "Press 2 for Weather"
      xml.Say "Press 3 for Appointment Reminder"
    end
  end
end;xml.target!;
          ensure
            self.output_buffer = old_output_buffer
          end
Backtrace: /Users/paul/Sites/twilio/app/views/twilio/board.xml.builder:25:in `compile!'
/Library/Ruby/Gems/1.8/gems/actionpack-2.3.2/lib/action_view/renderable.rb:61:in `compile'
/Library/Ruby/Gems/1.8/gems/actionpack-2.3.2/lib/action_view/renderable.rb:28:in `render'
/Library/Ruby/Gems/1.8/gems/actionpack-2.3.2/lib/action_view/template.rb:194:in `render_template'
/Library/Ruby/Gems/1.8/gems/actionpack-2.3.2/lib/action_view/base.rb:260:in `render'
/Library/Ruby/Gems/1.8/gems/actionpack-2.3.2/lib/action_controller/base.rb:1241:in `render_for_file'
/Library/Ruby/Gems/1.8/gems/actionpack-2.3.2/lib/action_controller/base.rb:937:in `render_without_benchmark'
/Library/Ruby/Gems/1.8/gems/actionpack-2.3.2/lib/action_controller/benchmarking.rb:51:in `render'
/Library/Ruby/Gems/1.8/gems/activesupport-2.3.2/lib/active_support/core_ext/benchmark.rb:17:in `ms'
/Library/Ruby/Gems/1.8/gems/activesupport-2.3.2/lib/active_support/core_ext/benchmark.rb:10:in `realtime'
/Library/Ruby/Gems/1.8/gems/activesupport-2.3.2/lib/active_support/core_ext/benchmark.rb:17:in `ms'
/Library/Ruby/Gems/1.8/gems/actionpack-2.3.2/lib/action_controller/benchmarking.rb:51:in `render'
/Library/Ruby/Gems/1.8/gems/actionpack-2.3.2/lib/action_controller/base.rb:1317:in `default_render'
/Library/Ruby/Gems/1.8/gems/actionpack-2.3.2/lib/action_controller/base.rb:1323:in `perform_action_without_filters'
/Library/Ruby/Gems/1.8/gems/actionpack-2.3.2/lib/action_controller/filters.rb:617:in `call_filters'
/Library/Ruby/Gems/1.8/gems/actionpack-2.3.2/lib/action_controller/filters.rb:610:in `perform_action_without_benchmark'
/Library/Ruby/Gems/1.8/gems/actionpack-2.3.2/lib/action_controller/benchmarking.rb:68:in `perform_action_without_rescue'
/Library/Ruby/Gems/1.8/gems/activesupport-2.3.2/lib/active_support/core_ext/benchmark.rb:17:in `ms'
/Library/Ruby/Gems/1.8/gems/activesupport-2.3.2/lib/active_support/core_ext/benchmark.rb:10:in `realtime'
/Library/Ruby/Gems/1.8/gems/activesupport-2.3.2/lib/active_support/core_ext/benchmark.rb:17:in `ms'
/Library/Ruby/Gems/1.8/gems/actionpack-2.3.2/lib/action_controller/benchmarking.rb:68:in `perform_action_without_rescue'
/Library/Ruby/Gems/1.8/gems/actionpack-2.3.2/lib/action_controller/rescue.rb:160:in `perform_action_without_flash'
/Library/Ruby/Gems/1.8/gems/actionpack-2.3.2/lib/action_controller/flash.rb:141:in `perform_action'
/Library/Ruby/Gems/1.8/gems/actionpack-2.3.2/lib/action_controller/base.rb:523:in `send'
/Library/Ruby/Gems/1.8/gems/actionpack-2.3.2/lib/action_controller/base.rb:523:in `process_without_filters'
/Library/Ruby/Gems/1.8/gems/actionpack-2.3.2/lib/action_controller/filters.rb:606:in `process'
/Library/Ruby/Gems/1.8/gems/actionpack-2.3.2/lib/action_controller/base.rb:391:in `process'
/Library/Ruby/Gems/1.8/gems/actionpack-2.3.2/lib/action_controller/base.rb:386:in `call'
/Library/Ruby/Gems/1.8/gems/actionpack-2.3.2/lib/action_controller/routing/route_set.rb:433:in `call'
/Library/Ruby/Gems/1.8/gems/actionpack-2.3.2/lib/action_controller/dispatcher.rb:88:in `dispatch'
/Library/Ruby/Gems/1.8/gems/actionpack-2.3.2/lib/action_controller/dispatcher.rb:111:in `_call'
/Library/Ruby/Gems/1.8/gems/actionpack-2.3.2/lib/action_controller/dispatcher.rb:82:in `initialize'
/Library/Ruby/Gems/1.8/gems/activerecord-2.3.2/lib/active_record/query_cache.rb:29:in `call'
/Library/Ruby/Gems/1.8/gems/activerecord-2.3.2/lib/active_record/query_cache.rb:29:in `call'
/Library/Ruby/Gems/1.8/gems/activerecord-2.3.2/lib/active_record/connection_adapters/abstract/query_cache.rb:34:in `cache'
/Library/Ruby/Gems/1.8/gems/activerecord-2.3.2/lib/active_record/query_cache.rb:9:in `cache'
/Library/Ruby/Gems/1.8/gems/activerecord-2.3.2/lib/active_record/query_cache.rb:28:in `call'
/Library/Ruby/Gems/1.8/gems/activerecord-2.3.2/lib/active_record/connection_adapters/abstract/connection_pool.rb:361:in `call'
/Library/Ruby/Gems/1.8/gems/rack-1.0.0/lib/rack/head.rb:9:in `call'
/Library/Ruby/Gems/1.8/gems/rack-1.0.0/lib/rack/methodoverride.rb:24:in `call'
/Library/Ruby/Gems/1.8/gems/actionpack-2.3.2/lib/action_controller/params_parser.rb:15:in `call'
/Library/Ruby/Gems/1.8/gems/actionpack-2.3.2/lib/action_controller/rewindable_input.rb:25:in `call'
/Library/Ruby/Gems/1.8/gems/actionpack-2.3.2/lib/action_controller/session/cookie_store.rb:93:in `call'
/Library/Ruby/Gems/1.8/gems/actionpack-2.3.2/lib/action_controller/reloader.rb:9:in `call'
/Library/Ruby/Gems/1.8/gems/actionpack-2.3.2/lib/action_controller/failsafe.rb:11:in `call'
/Library/Ruby/Gems/1.8/gems/rack-1.0.0/lib/rack/lock.rb:11:in `call'
/Library/Ruby/Gems/1.8/gems/rack-1.0.0/lib/rack/lock.rb:11:in `synchronize'
/Library/Ruby/Gems/1.8/gems/rack-1.0.0/lib/rack/lock.rb:11:in `call'
/Library/Ruby/Gems/1.8/gems/actionpack-2.3.2/lib/action_controller/dispatcher.rb:106:in `call'
/Library/Ruby/Gems/1.8/gems/rails-2.3.2/lib/rails/rack/static.rb:31:in `call'
/Library/Ruby/Gems/1.8/gems/rack-1.0.0/lib/rack/urlmap.rb:46:in `call'
/Library/Ruby/Gems/1.8/gems/rack-1.0.0/lib/rack/urlmap.rb:40:in `each'
/Library/Ruby/Gems/1.8/gems/rack-1.0.0/lib/rack/urlmap.rb:40:in `call'
/Library/Ruby/Gems/1.8/gems/rails-2.3.2/lib/rails/rack/log_tailer.rb:17:in `call'
/Library/Ruby/Gems/1.8/gems/rack-1.0.0/lib/rack/content_length.rb:13:in `call'
/Library/Ruby/Gems/1.8/gems/rack-1.0.0/lib/rack/chunked.rb:15:in `call'
/Library/Ruby/Gems/1.8/gems/rack-1.0.0/lib/rack/handler/mongrel.rb:61:in `process'
/System/Library/Frameworks/Ruby.framework/Versions/1.8/usr/lib/ruby/gems/1.8/gems/mongrel-1.1.4/lib/mongrel.rb:159:in `process_client'
/System/Library/Frameworks/Ruby.framework/Versions/1.8/usr/lib/ruby/gems/1.8/gems/mongrel-1.1.4/lib/mongrel.rb:158:in `each'
/System/Library/Frameworks/Ruby.framework/Versions/1.8/usr/lib/ruby/gems/1.8/gems/mongrel-1.1.4/lib/mongrel.rb:158:in `process_client'
/System/Library/Frameworks/Ruby.framework/Versions/1.8/usr/lib/ruby/gems/1.8/gems/mongrel-1.1.4/lib/mongrel.rb:285:in `run'
/System/Library/Frameworks/Ruby.framework/Versions/1.8/usr/lib/ruby/gems/1.8/gems/mongrel-1.1.4/lib/mongrel.rb:285:in `initialize'
/System/Library/Frameworks/Ruby.framework/Versions/1.8/usr/lib/ruby/gems/1.8/gems/mongrel-1.1.4/lib/mongrel.rb:285:in `new'
/System/Library/Frameworks/Ruby.framework/Versions/1.8/usr/lib/ruby/gems/1.8/gems/mongrel-1.1.4/lib/mongrel.rb:285:in `run'
/System/Library/Frameworks/Ruby.framework/Versions/1.8/usr/lib/ruby/gems/1.8/gems/mongrel-1.1.4/lib/mongrel.rb:268:in `initialize'
/System/Library/Frameworks/Ruby.framework/Versions/1.8/usr/lib/ruby/gems/1.8/gems/mongrel-1.1.4/lib/mongrel.rb:268:in `new'
/System/Library/Frameworks/Ruby.framework/Versions/1.8/usr/lib/ruby/gems/1.8/gems/mongrel-1.1.4/lib/mongrel.rb:268:in `run'
/Library/Ruby/Gems/1.8/gems/rack-1.0.0/lib/rack/handler/mongrel.rb:34:in `run'
/Library/Ruby/Gems/1.8/gems/rails-2.3.2/lib/commands/server.rb:111
/Library/Ruby/Site/1.8/rubygems/custom_require.rb:31:in `gem_original_require'
/Library/Ruby/Site/1.8/rubygems/custom_require.rb:31:in `require'
script/server:3

ActionView::TemplateError (compile error
/Users/paul/Sites/twilio/app/views/twilio/board.xml.builder:5: syntax error, unexpected kWHEN, expecting kEND
      when '1':
          ^
/Users/paul/Sites/twilio/app/views/twilio/board.xml.builder:5: syntax error, unexpected ':', expecting kEND
/Users/paul/Sites/twilio/app/views/twilio/board.xml.builder:8: syntax error, unexpected kWHEN, expecting kEND
      when '2'
          ^
/Users/paul/Sites/twilio/app/views/twilio/board.xml.builder:11: syntax error, unexpected kWHEN, expecting kEND
      when '3'
          ^
/Users/paul/Sites/twilio/app/views/twilio/board.xml.builder:18: syntax error, unexpected kELSE, expecting kEND
/Users/paul/Sites/twilio/app/views/twilio/board.xml.builder:19: syntax error, unexpected tASSOC, expecting '}'
    xml.Gather{:numDigits => 1} do
                            ^
/Users/paul/Sites/twilio/app/views/twilio/board.xml.builder:25: syntax error, unexpected kEND, expecting $end
end;xml.target!;
   ^) on line #5 of app/views/twilio/board.xml.builder:
2: xml.Response do
3:   if @digit    
4:     switch @digit
5:       when '1':
6:         xml.Say "Loading Hello world"
7:         xml.Redirect('/hello')
8:       when '2'

    app/views/twilio/board.xml.builder:25:in `compile!'

Rendered rescues/_trace (48.7ms)
Rendered rescues/_request_and_response (0.3ms)
Rendering rescues/layout (internal_server_error)


Processing TwilioController#board (for 127.0.0.1 at 2009-06-27 12:17:24) [GET]
Rendering twilio/board
ERROR: compiling _run_builder_app47views47twilio47board46xml46builder RAISED compile error
/Users/paul/Sites/twilio/app/views/twilio/board.xml.builder:19: syntax error, unexpected tASSOC, expecting '}'
    xml.Gather{:numDigits => 1} do
                            ^
/Users/paul/Sites/twilio/app/views/twilio/board.xml.builder:26: syntax error, unexpected kENSURE, expecting $end
Function body:           def _run_builder_app47views47twilio47board46xml46builder(local_assigns)
            old_output_buffer = output_buffer;;_set_controller_content_type(Mime::XML);xml = ::Builder::XmlMarkup.new(:indent => 2);self.output_buffer = xml.target!;xml.instruct!  
xml.Response do
  if @digit    
    case @digit
      when '1'
        xml.Say "Loading Hello world"
        xml.Redirect('/hello')
      when '2'
        xml.Say "Weather"
        xml.Redirect('/weather')
      when '3'
        xml.Say "Loading Appointment"
        xml.Redirect('/appointment')
      else
        xml.Say "App not found. Good bye."
        xml.Hangup
    end
  else
    xml.Gather{:numDigits => 1} do
      xml.Say "Press 1 for Hello world"
      xml.Say "Press 2 for Weather"
      xml.Say "Press 3 for Appointment Reminder"
    end
  end
end;xml.target!;
          ensure
            self.output_buffer = old_output_buffer
          end
Backtrace: /Users/paul/Sites/twilio/app/views/twilio/board.xml.builder:26:in `compile!'
/Library/Ruby/Gems/1.8/gems/actionpack-2.3.2/lib/action_view/renderable.rb:61:in `compile'
/Library/Ruby/Gems/1.8/gems/actionpack-2.3.2/lib/action_view/renderable.rb:28:in `render'
/Library/Ruby/Gems/1.8/gems/actionpack-2.3.2/lib/action_view/template.rb:194:in `render_template'
/Library/Ruby/Gems/1.8/gems/actionpack-2.3.2/lib/action_view/base.rb:260:in `render'
/Library/Ruby/Gems/1.8/gems/actionpack-2.3.2/lib/action_controller/base.rb:1241:in `render_for_file'
/Library/Ruby/Gems/1.8/gems/actionpack-2.3.2/lib/action_controller/base.rb:937:in `render_without_benchmark'
/Library/Ruby/Gems/1.8/gems/actionpack-2.3.2/lib/action_controller/benchmarking.rb:51:in `render'
/Library/Ruby/Gems/1.8/gems/activesupport-2.3.2/lib/active_support/core_ext/benchmark.rb:17:in `ms'
/Library/Ruby/Gems/1.8/gems/activesupport-2.3.2/lib/active_support/core_ext/benchmark.rb:10:in `realtime'
/Library/Ruby/Gems/1.8/gems/activesupport-2.3.2/lib/active_support/core_ext/benchmark.rb:17:in `ms'
/Library/Ruby/Gems/1.8/gems/actionpack-2.3.2/lib/action_controller/benchmarking.rb:51:in `render'
/Library/Ruby/Gems/1.8/gems/actionpack-2.3.2/lib/action_controller/base.rb:1317:in `default_render'
/Library/Ruby/Gems/1.8/gems/actionpack-2.3.2/lib/action_controller/base.rb:1323:in `perform_action_without_filters'
/Library/Ruby/Gems/1.8/gems/actionpack-2.3.2/lib/action_controller/filters.rb:617:in `call_filters'
/Library/Ruby/Gems/1.8/gems/actionpack-2.3.2/lib/action_controller/filters.rb:610:in `perform_action_without_benchmark'
/Library/Ruby/Gems/1.8/gems/actionpack-2.3.2/lib/action_controller/benchmarking.rb:68:in `perform_action_without_rescue'
/Library/Ruby/Gems/1.8/gems/activesupport-2.3.2/lib/active_support/core_ext/benchmark.rb:17:in `ms'
/Library/Ruby/Gems/1.8/gems/activesupport-2.3.2/lib/active_support/core_ext/benchmark.rb:10:in `realtime'
/Library/Ruby/Gems/1.8/gems/activesupport-2.3.2/lib/active_support/core_ext/benchmark.rb:17:in `ms'
/Library/Ruby/Gems/1.8/gems/actionpack-2.3.2/lib/action_controller/benchmarking.rb:68:in `perform_action_without_rescue'
/Library/Ruby/Gems/1.8/gems/actionpack-2.3.2/lib/action_controller/rescue.rb:160:in `perform_action_without_flash'
/Library/Ruby/Gems/1.8/gems/actionpack-2.3.2/lib/action_controller/flash.rb:141:in `perform_action'
/Library/Ruby/Gems/1.8/gems/actionpack-2.3.2/lib/action_controller/base.rb:523:in `send'
/Library/Ruby/Gems/1.8/gems/actionpack-2.3.2/lib/action_controller/base.rb:523:in `process_without_filters'
/Library/Ruby/Gems/1.8/gems/actionpack-2.3.2/lib/action_controller/filters.rb:606:in `process'
/Library/Ruby/Gems/1.8/gems/actionpack-2.3.2/lib/action_controller/base.rb:391:in `process'
/Library/Ruby/Gems/1.8/gems/actionpack-2.3.2/lib/action_controller/base.rb:386:in `call'
/Library/Ruby/Gems/1.8/gems/actionpack-2.3.2/lib/action_controller/routing/route_set.rb:433:in `call'
/Library/Ruby/Gems/1.8/gems/actionpack-2.3.2/lib/action_controller/dispatcher.rb:88:in `dispatch'
/Library/Ruby/Gems/1.8/gems/actionpack-2.3.2/lib/action_controller/dispatcher.rb:111:in `_call'
/Library/Ruby/Gems/1.8/gems/actionpack-2.3.2/lib/action_controller/dispatcher.rb:82:in `initialize'
/Library/Ruby/Gems/1.8/gems/activerecord-2.3.2/lib/active_record/query_cache.rb:29:in `call'
/Library/Ruby/Gems/1.8/gems/activerecord-2.3.2/lib/active_record/query_cache.rb:29:in `call'
/Library/Ruby/Gems/1.8/gems/activerecord-2.3.2/lib/active_record/connection_adapters/abstract/query_cache.rb:34:in `cache'
/Library/Ruby/Gems/1.8/gems/activerecord-2.3.2/lib/active_record/query_cache.rb:9:in `cache'
/Library/Ruby/Gems/1.8/gems/activerecord-2.3.2/lib/active_record/query_cache.rb:28:in `call'
/Library/Ruby/Gems/1.8/gems/activerecord-2.3.2/lib/active_record/connection_adapters/abstract/connection_pool.rb:361:in `call'
/Library/Ruby/Gems/1.8/gems/rack-1.0.0/lib/rack/head.rb:9:in `call'
/Library/Ruby/Gems/1.8/gems/rack-1.0.0/lib/rack/methodoverride.rb:24:in `call'
/Library/Ruby/Gems/1.8/gems/actionpack-2.3.2/lib/action_controller/params_parser.rb:15:in `call'
/Library/Ruby/Gems/1.8/gems/actionpack-2.3.2/lib/action_controller/rewindable_input.rb:25:in `call'
/Library/Ruby/Gems/1.8/gems/actionpack-2.3.2/lib/action_controller/session/cookie_store.rb:93:in `call'
/Library/Ruby/Gems/1.8/gems/actionpack-2.3.2/lib/action_controller/reloader.rb:9:in `call'
/Library/Ruby/Gems/1.8/gems/actionpack-2.3.2/lib/action_controller/failsafe.rb:11:in `call'
/Library/Ruby/Gems/1.8/gems/rack-1.0.0/lib/rack/lock.rb:11:in `call'
/Library/Ruby/Gems/1.8/gems/rack-1.0.0/lib/rack/lock.rb:11:in `synchronize'
/Library/Ruby/Gems/1.8/gems/rack-1.0.0/lib/rack/lock.rb:11:in `call'
/Library/Ruby/Gems/1.8/gems/actionpack-2.3.2/lib/action_controller/dispatcher.rb:106:in `call'
/Library/Ruby/Gems/1.8/gems/rails-2.3.2/lib/rails/rack/static.rb:31:in `call'
/Library/Ruby/Gems/1.8/gems/rack-1.0.0/lib/rack/urlmap.rb:46:in `call'
/Library/Ruby/Gems/1.8/gems/rack-1.0.0/lib/rack/urlmap.rb:40:in `each'
/Library/Ruby/Gems/1.8/gems/rack-1.0.0/lib/rack/urlmap.rb:40:in `call'
/Library/Ruby/Gems/1.8/gems/rails-2.3.2/lib/rails/rack/log_tailer.rb:17:in `call'
/Library/Ruby/Gems/1.8/gems/rack-1.0.0/lib/rack/content_length.rb:13:in `call'
/Library/Ruby/Gems/1.8/gems/rack-1.0.0/lib/rack/chunked.rb:15:in `call'
/Library/Ruby/Gems/1.8/gems/rack-1.0.0/lib/rack/handler/mongrel.rb:61:in `process'
/System/Library/Frameworks/Ruby.framework/Versions/1.8/usr/lib/ruby/gems/1.8/gems/mongrel-1.1.4/lib/mongrel.rb:159:in `process_client'
/System/Library/Frameworks/Ruby.framework/Versions/1.8/usr/lib/ruby/gems/1.8/gems/mongrel-1.1.4/lib/mongrel.rb:158:in `each'
/System/Library/Frameworks/Ruby.framework/Versions/1.8/usr/lib/ruby/gems/1.8/gems/mongrel-1.1.4/lib/mongrel.rb:158:in `process_client'
/System/Library/Frameworks/Ruby.framework/Versions/1.8/usr/lib/ruby/gems/1.8/gems/mongrel-1.1.4/lib/mongrel.rb:285:in `run'
/System/Library/Frameworks/Ruby.framework/Versions/1.8/usr/lib/ruby/gems/1.8/gems/mongrel-1.1.4/lib/mongrel.rb:285:in `initialize'
/System/Library/Frameworks/Ruby.framework/Versions/1.8/usr/lib/ruby/gems/1.8/gems/mongrel-1.1.4/lib/mongrel.rb:285:in `new'
/System/Library/Frameworks/Ruby.framework/Versions/1.8/usr/lib/ruby/gems/1.8/gems/mongrel-1.1.4/lib/mongrel.rb:285:in `run'
/System/Library/Frameworks/Ruby.framework/Versions/1.8/usr/lib/ruby/gems/1.8/gems/mongrel-1.1.4/lib/mongrel.rb:268:in `initialize'
/System/Library/Frameworks/Ruby.framework/Versions/1.8/usr/lib/ruby/gems/1.8/gems/mongrel-1.1.4/lib/mongrel.rb:268:in `new'
/System/Library/Frameworks/Ruby.framework/Versions/1.8/usr/lib/ruby/gems/1.8/gems/mongrel-1.1.4/lib/mongrel.rb:268:in `run'
/Library/Ruby/Gems/1.8/gems/rack-1.0.0/lib/rack/handler/mongrel.rb:34:in `run'
/Library/Ruby/Gems/1.8/gems/rails-2.3.2/lib/commands/server.rb:111
/Library/Ruby/Site/1.8/rubygems/custom_require.rb:31:in `gem_original_require'
/Library/Ruby/Site/1.8/rubygems/custom_require.rb:31:in `require'
script/server:3

ActionView::TemplateError (compile error
/Users/paul/Sites/twilio/app/views/twilio/board.xml.builder:19: syntax error, unexpected tASSOC, expecting '}'
    xml.Gather{:numDigits => 1} do
                            ^
/Users/paul/Sites/twilio/app/views/twilio/board.xml.builder:26: syntax error, unexpected kENSURE, expecting $end) on line #19 of app/views/twilio/board.xml.builder:
16:         xml.Hangup
17:     end
18:   else
19:     xml.Gather{:numDigits => 1} do
20:       xml.Say "Press 1 for Hello world"
21:       xml.Say "Press 2 for Weather"
22:       xml.Say "Press 3 for Appointment Reminder"

    app/views/twilio/board.xml.builder:26:in `compile!'

Rendered rescues/_trace (45.4ms)
Rendered rescues/_request_and_response (0.3ms)
Rendering rescues/layout (internal_server_error)


Processing TwilioController#board (for 127.0.0.1 at 2009-06-27 12:17:41) [GET]
Rendering twilio/board
Completed in 8ms (View: 5, DB: 0) | 200 OK [http://localhost/twilio/board]


Processing TwilioController#board (for 127.0.0.1 at 2009-06-27 12:17:53) [GET]
  Parameters: {"Digits"=>"1"}
Rendering twilio/board
Completed in 5ms (View: 2, DB: 0) | 200 OK [http://localhost/twilio/board?Digits=1]


Processing TwilioController#board (for 127.0.0.1 at 2009-06-27 12:18:13) [GET]
  Parameters: {"Digits"=>"1"}
Rendering twilio/board
Completed in 3ms (View: 1, DB: 0) | 200 OK [http://localhost/twilio/board?Digits=1]
